2025-09-24 12:32:02,751 - INFO - Robots.txt загружен с https://httpbin.org/robots.txt
2025-09-24 12:32:03,375 - INFO - Robots.txt загружен с https://example.com/robots.txt
2025-09-24 12:32:13,002 - INFO - Robots.txt загружен с https://httpbin.org/robots.txt
2025-09-24 12:32:25,623 - INFO - Robots.txt загружен с https://httpbin.org/robots.txt
2025-09-24 12:32:25,624 - INFO - Начинаем обход сайта: https://httpbin.org
2025-09-24 12:32:25,624 - INFO - Обрабатываем страницу 1/3: https://httpbin.org
2025-09-24 12:32:26,560 - INFO - Найдено 11 ссылок на странице https://httpbin.org
2025-09-24 12:32:27,072 - INFO - Обрабатываем страницу 2/3: mailto:me@kennethreitz.org
2025-09-24 12:32:27,073 - ERROR - Ошибка при обработке mailto:me@kennethreitz.org: No connection adapters were found for 'mailto:me@kennethreitz.org'
2025-09-24 12:32:27,073 - INFO - Обрабатываем страницу 2/3: https://httpbin.org/forms/post
2025-09-24 12:32:28,333 - INFO - Найдено 1 ссылок на странице https://httpbin.org/forms/post
2025-09-24 12:32:28,845 - INFO - Обрабатываем страницу 3/3: https://httpbin.org/flasgger_static/swagger-ui.css
2025-09-24 12:32:34,307 - INFO - Найдено 1 ссылок на странице https://httpbin.org/flasgger_static/swagger-ui.css
2025-09-24 12:32:34,819 - INFO - Обход завершен. Посещено страниц: 3
2025-09-24 12:32:34,819 - INFO - Начинаем проверку 13 уникальных ссылок
2025-09-24 12:32:46,604 - WARNING - Retrying (Retry(total=2, connect=None, read=None, redirect=None, status=None)) after connection broken by 'ReadTimeoutError("HTTPSConnectionPool(host='httpbin.org', port=443): Read timed out. (read timeout=10)")': /flasgger_static/swagger-ui-bundle.js
2025-09-24 12:32:52,900 - WARNING - Retrying (Retry(total=2, connect=None, read=None, redirect=None, status=None)) after connection broken by 'ReadTimeoutError("HTTPSConnectionPool(host='httpbin.org', port=443): Read timed out. (read timeout=10)")': /flasgger_static/lib/jquery.min.js
2025-09-24 12:32:55,416 - INFO - Проверено ссылок: 10/13
2025-09-24 12:32:57,156 - INFO - Проверено ссылок: 13/13
2025-09-24 12:32:57,156 - INFO - Проверка завершена. Найдено битых ссылок: 2
2025-09-24 12:33:09,012 - INFO - Robots.txt загружен с https://httpbin.org/robots.txt
2025-09-24 12:33:09,014 - INFO - Начинаем обход сайта: https://httpbin.org
2025-09-24 12:33:09,014 - INFO - Обрабатываем страницу 1/5: https://httpbin.org
2025-09-24 12:33:18,477 - INFO - Найдено 11 ссылок на странице https://httpbin.org
2025-09-24 12:33:18,979 - INFO - Обрабатываем страницу 2/5: mailto:me@kennethreitz.org
2025-09-24 12:33:18,980 - ERROR - Ошибка при обработке mailto:me@kennethreitz.org: No connection adapters were found for 'mailto:me@kennethreitz.org'
2025-09-24 12:33:18,980 - INFO - Обрабатываем страницу 2/5: https://httpbin.org/forms/post
2025-09-24 12:33:25,718 - INFO - Найдено 1 ссылок на странице https://httpbin.org/forms/post
2025-09-24 12:33:26,231 - INFO - Обрабатываем страницу 3/5: https://httpbin.org/flasgger_static/swagger-ui.css
2025-09-24 12:33:27,723 - INFO - Найдено 1 ссылок на странице https://httpbin.org/flasgger_static/swagger-ui.css
2025-09-24 12:33:28,225 - INFO - Обрабатываем страницу 4/5: https://httpbin.org/static/favicon.ico
2025-09-24 12:33:28,974 - INFO - Найдено 0 ссылок на странице https://httpbin.org/static/favicon.ico
2025-09-24 12:33:29,487 - INFO - Обрабатываем страницу 5/5: https://httpbin.org/flasgger_static/swagger-ui-bundle.js
2025-09-24 12:33:35,988 - INFO - Найдено 2 ссылок на странице https://httpbin.org/flasgger_static/swagger-ui-bundle.js
2025-09-24 12:33:36,490 - INFO - Обход завершен. Посещено страниц: 5
2025-09-24 12:33:36,490 - INFO - Начинаем проверку 15 уникальных ссылок
2025-09-24 12:33:44,850 - INFO - Проверено ссылок: 10/15
2025-09-24 12:33:49,917 - INFO - Проверено ссылок: 15/15
2025-09-24 12:33:49,917 - INFO - Проверка завершена. Найдено битых ссылок: 3
2025-09-24 12:33:49,919 - INFO - Отчеты сохранены:
2025-09-24 12:33:49,919 - INFO -   - JSON: ./link_analysis_20250924_123349.json
2025-09-24 12:33:49,919 - INFO -   - CSV: ./broken_links_20250924_123349.csv
2025-09-24 12:33:49,920 - INFO -   - TXT: ./link_analysis_report_20250924_123349.txt
2025-09-24 12:37:06,243 - INFO - Robots.txt загружен с https://example.com/robots.txt
2025-09-24 12:37:06,840 - INFO - Robots.txt загружен с https://example.com/robots.txt
2025-09-24 12:37:34,578 - INFO - Robots.txt загружен с https://example.com/robots.txt
2025-09-24 12:37:35,169 - INFO - Robots.txt загружен с https://example.com/robots.txt
2025-09-24 12:37:41,621 - INFO - Robots.txt загружен с https://httpbin.org/robots.txt
2025-09-24 12:37:41,622 - INFO - Начинаем обход сайта: https://httpbin.org
2025-09-24 12:37:41,623 - INFO - Обрабатываем страницу 1/3: https://httpbin.org
2025-09-24 12:37:42,347 - INFO - Найдено 11 ссылок на странице https://httpbin.org
2025-09-24 12:37:42,860 - INFO - Обрабатываем страницу 2/3: mailto:me@kennethreitz.org
2025-09-24 12:37:42,861 - ERROR - Ошибка при обработке mailto:me@kennethreitz.org: No connection adapters were found for 'mailto:me@kennethreitz.org'
2025-09-24 12:37:42,861 - INFO - Обрабатываем страницу 2/3: https://httpbin.org/forms/post
2025-09-24 12:37:52,874 - WARNING - Retrying (Retry(total=2, connect=None, read=None, redirect=None, status=None)) after connection broken by 'ReadTimeoutError("HTTPSConnectionPool(host='httpbin.org', port=443): Read timed out. (read timeout=10)")': /forms/post
2025-09-24 12:37:56,555 - INFO - Найдено 1 ссылок на странице https://httpbin.org/forms/post
2025-09-24 12:37:57,066 - INFO - Обрабатываем страницу 3/3: https://httpbin.org/flasgger_static/swagger-ui.css
2025-09-24 12:37:59,471 - INFO - Найдено 2 ссылок на странице https://httpbin.org/flasgger_static/swagger-ui.css
2025-09-24 12:37:59,977 - INFO - Обход завершен. Посещено страниц: 3
2025-09-24 12:37:59,977 - INFO - Начинаем проверку 14 уникальных ссылок
2025-09-24 12:38:01,800 - INFO - Проверено ссылок: 10/14
2025-09-24 12:38:06,500 - INFO - Проверено ссылок: 14/14
2025-09-24 12:38:06,501 - INFO - Проверка завершена. Найдено битых ссылок: 4
2025-09-24 12:38:06,502 - INFO - Отчеты сохранены:
2025-09-24 12:38:06,502 - INFO -   - JSON: ./link_analysis_20250924_123806.json
2025-09-24 12:38:06,503 - INFO -   - CSV: ./broken_links_20250924_123806.csv
2025-09-24 12:38:06,503 - INFO -   - TXT: ./link_analysis_report_20250924_123806.txt
2025-09-24 12:38:52,398 - INFO - Robots.txt загружен с https://example.com/robots.txt
2025-09-24 12:38:53,022 - INFO - Robots.txt загружен с https://example.com/robots.txt
2025-09-24 12:40:50,723 - INFO - Robots.txt загружен с https://example.com/robots.txt
2025-09-24 12:40:51,306 - INFO - Robots.txt загружен с https://example.com/robots.txt
